\BOOKMARK [1][-]{section.1}{Introduction}{}% 1
\BOOKMARK [1][-]{section.2}{Experiment Definition}{}% 2
\BOOKMARK [2][-]{subsection.2.1}{Goal}{section.2}% 3
\BOOKMARK [2][-]{subsection.2.2}{Questions}{section.2}% 4
\BOOKMARK [2][-]{subsection.2.3}{Metrics}{section.2}% 5
\BOOKMARK [2][-]{subsection.2.4}{GQM-Tree}{section.2}% 6
\BOOKMARK [1][-]{section.3}{Experiment Planning}{}% 7
\BOOKMARK [2][-]{subsection.3.1}{Context Selection}{section.3}% 8
\BOOKMARK [2][-]{subsection.3.2}{Variable Selection}{section.3}% 9
\BOOKMARK [2][-]{subsection.3.3}{Hypothesis Formulation}{section.3}% 10
\BOOKMARK [2][-]{subsection.3.4}{Subject Selection}{section.3}% 11
\BOOKMARK [2][-]{subsection.3.5}{Experiment Design}{section.3}% 12
\BOOKMARK [2][-]{subsection.3.6}{Instrumentation}{section.3}% 13
\BOOKMARK [1][-]{section.4}{Experiment Execution}{}% 14
\BOOKMARK [1][-]{section.5}{Results}{}% 15
\BOOKMARK [2][-]{subsection.5.1}{descriptive statistics}{section.5}% 16
\BOOKMARK [2][-]{subsection.5.2}{Hypothesis testing}{section.5}% 17
\BOOKMARK [1][-]{section.6}{Discussion}{}% 18
\BOOKMARK [1][-]{section.7}{Threats To Validity}{}% 19
\BOOKMARK [2][-]{subsection.7.1}{Internal Validity}{section.7}% 20
\BOOKMARK [2][-]{subsection.7.2}{External Validity}{section.7}% 21
\BOOKMARK [2][-]{subsection.7.3}{Construct Validity}{section.7}% 22
\BOOKMARK [2][-]{subsection.7.4}{Conclusion Validity}{section.7}% 23
\BOOKMARK [1][-]{section.8}{Conclusions}{}% 24
\BOOKMARK [1][-]{section*.15}{References}{}% 25
